<?xml version="1.0" encoding="UTF-8"?>
<testsuite xmlns:xsi="http://www.w3.org/2001/XMLSchema-instance" xsi:noNamespaceSchemaLocation="https://maven.apache.org/surefire/maven-surefire-plugin/xsd/surefire-test-report.xsd" name="com.example.AppTest" time="0.026" tests="1" errors="0" skipped="0" failures="0">
  <properties>
    <property name="java.specification.version" value="13"/>
    <property name="sun.jnu.encoding" value="UTF-8"/>
    <property name="java.class.path" value="/Users/rhedgpeth/Desktop/R2DBC Book/ch11/samples/r2dbc-demo/target/test-classes:/Users/rhedgpeth/Desktop/R2DBC Book/ch11/samples/r2dbc-demo/target/classes:/Users/rhedgpeth/.m2/repository/org/mariadb/r2dbc-mariadb/1.0.0/r2dbc-mariadb-1.0.0.jar:/Users/rhedgpeth/.m2/repository/io/r2dbc/r2dbc-spi/0.8.3.RELEASE/r2dbc-spi-0.8.3.RELEASE.jar:/Users/rhedgpeth/.m2/repository/org/reactivestreams/reactive-streams/1.0.3/reactive-streams-1.0.3.jar:/Users/rhedgpeth/.m2/repository/io/projectreactor/reactor-core/3.4.0/reactor-core-3.4.0.jar:/Users/rhedgpeth/.m2/repository/io/projectreactor/netty/reactor-netty/1.0.1/reactor-netty-1.0.1.jar:/Users/rhedgpeth/.m2/repository/io/projectreactor/netty/reactor-netty-core/1.0.1/reactor-netty-core-1.0.1.jar:/Users/rhedgpeth/.m2/repository/io/netty/netty-handler/4.1.53.Final/netty-handler-4.1.53.Final.jar:/Users/rhedgpeth/.m2/repository/io/netty/netty-common/4.1.53.Final/netty-common-4.1.53.Final.jar:/Users/rhedgpeth/.m2/repository/io/netty/netty-resolver/4.1.53.Final/netty-resolver-4.1.53.Final.jar:/Users/rhedgpeth/.m2/repository/io/netty/netty-buffer/4.1.53.Final/netty-buffer-4.1.53.Final.jar:/Users/rhedgpeth/.m2/repository/io/netty/netty-transport/4.1.53.Final/netty-transport-4.1.53.Final.jar:/Users/rhedgpeth/.m2/repository/io/netty/netty-codec/4.1.53.Final/netty-codec-4.1.53.Final.jar:/Users/rhedgpeth/.m2/repository/io/netty/netty-handler-proxy/4.1.53.Final/netty-handler-proxy-4.1.53.Final.jar:/Users/rhedgpeth/.m2/repository/io/netty/netty-codec-socks/4.1.53.Final/netty-codec-socks-4.1.53.Final.jar:/Users/rhedgpeth/.m2/repository/io/netty/netty-resolver-dns/4.1.53.Final/netty-resolver-dns-4.1.53.Final.jar:/Users/rhedgpeth/.m2/repository/io/netty/netty-codec-dns/4.1.53.Final/netty-codec-dns-4.1.53.Final.jar:/Users/rhedgpeth/.m2/repository/io/netty/netty-transport-native-epoll/4.1.53.Final/netty-transport-native-epoll-4.1.53.Final-linux-x86_64.jar:/Users/rhedgpeth/.m2/repository/io/netty/netty-transport-native-unix-common/4.1.53.Final/netty-transport-native-unix-common-4.1.53.Final.jar:/Users/rhedgpeth/.m2/repository/io/projectreactor/netty/reactor-netty-http/1.0.1/reactor-netty-http-1.0.1.jar:/Users/rhedgpeth/.m2/repository/io/netty/netty-codec-http/4.1.53.Final/netty-codec-http-4.1.53.Final.jar:/Users/rhedgpeth/.m2/repository/io/netty/netty-codec-http2/4.1.53.Final/netty-codec-http2-4.1.53.Final.jar:/Users/rhedgpeth/.m2/repository/io/projectreactor/netty/reactor-netty-http-brave/1.0.1/reactor-netty-http-brave-1.0.1.jar:/Users/rhedgpeth/.m2/repository/io/zipkin/brave/brave-instrumentation-http/5.13.1/brave-instrumentation-http-5.13.1.jar:/Users/rhedgpeth/.m2/repository/io/zipkin/brave/brave/5.13.1/brave-5.13.1.jar:/Users/rhedgpeth/.m2/repository/io/zipkin/reporter2/zipkin-reporter-brave/2.16.0/zipkin-reporter-brave-2.16.0.jar:/Users/rhedgpeth/.m2/repository/io/zipkin/reporter2/zipkin-reporter/2.16.0/zipkin-reporter-2.16.0.jar:/Users/rhedgpeth/.m2/repository/io/zipkin/zipkin2/zipkin/2.22.2/zipkin-2.22.2.jar:/Users/rhedgpeth/.m2/repository/junit/junit/4.11/junit-4.11.jar:/Users/rhedgpeth/.m2/repository/org/hamcrest/hamcrest-core/1.3/hamcrest-core-1.3.jar:"/>
    <property name="java.vm.vendor" value="Oracle Corporation"/>
    <property name="sun.arch.data.model" value="64"/>
    <property name="java.vendor.url" value="https://openjdk.java.net/"/>
    <property name="os.name" value="Mac OS X"/>
    <property name="java.vm.specification.version" value="13"/>
    <property name="sun.java.launcher" value="SUN_STANDARD"/>
    <property name="user.country" value="US"/>
    <property name="sun.boot.library.path" value="/usr/local/Cellar/openjdk/13.0.2+8_2/libexec/openjdk.jdk/Contents/Home/lib"/>
    <property name="sun.java.command" value="/Users/rhedgpeth/Desktop/R2DBC Book/ch11/samples/r2dbc-demo/target/surefire/surefirebooter16593116443206207711.jar /Users/rhedgpeth/Desktop/R2DBC Book/ch11/samples/r2dbc-demo/target/surefire 2020-12-27T17-08-25_032-jvmRun1 surefire3879402717471899750tmp surefire_07367328799160620548tmp"/>
    <property name="http.nonProxyHosts" value="local|*.local|169.254/16|*.169.254/16"/>
    <property name="jdk.debug" value="release"/>
    <property name="surefire.test.class.path" value="/Users/rhedgpeth/Desktop/R2DBC Book/ch11/samples/r2dbc-demo/target/test-classes:/Users/rhedgpeth/Desktop/R2DBC Book/ch11/samples/r2dbc-demo/target/classes:/Users/rhedgpeth/.m2/repository/org/mariadb/r2dbc-mariadb/1.0.0/r2dbc-mariadb-1.0.0.jar:/Users/rhedgpeth/.m2/repository/io/r2dbc/r2dbc-spi/0.8.3.RELEASE/r2dbc-spi-0.8.3.RELEASE.jar:/Users/rhedgpeth/.m2/repository/org/reactivestreams/reactive-streams/1.0.3/reactive-streams-1.0.3.jar:/Users/rhedgpeth/.m2/repository/io/projectreactor/reactor-core/3.4.0/reactor-core-3.4.0.jar:/Users/rhedgpeth/.m2/repository/io/projectreactor/netty/reactor-netty/1.0.1/reactor-netty-1.0.1.jar:/Users/rhedgpeth/.m2/repository/io/projectreactor/netty/reactor-netty-core/1.0.1/reactor-netty-core-1.0.1.jar:/Users/rhedgpeth/.m2/repository/io/netty/netty-handler/4.1.53.Final/netty-handler-4.1.53.Final.jar:/Users/rhedgpeth/.m2/repository/io/netty/netty-common/4.1.53.Final/netty-common-4.1.53.Final.jar:/Users/rhedgpeth/.m2/repository/io/netty/netty-resolver/4.1.53.Final/netty-resolver-4.1.53.Final.jar:/Users/rhedgpeth/.m2/repository/io/netty/netty-buffer/4.1.53.Final/netty-buffer-4.1.53.Final.jar:/Users/rhedgpeth/.m2/repository/io/netty/netty-transport/4.1.53.Final/netty-transport-4.1.53.Final.jar:/Users/rhedgpeth/.m2/repository/io/netty/netty-codec/4.1.53.Final/netty-codec-4.1.53.Final.jar:/Users/rhedgpeth/.m2/repository/io/netty/netty-handler-proxy/4.1.53.Final/netty-handler-proxy-4.1.53.Final.jar:/Users/rhedgpeth/.m2/repository/io/netty/netty-codec-socks/4.1.53.Final/netty-codec-socks-4.1.53.Final.jar:/Users/rhedgpeth/.m2/repository/io/netty/netty-resolver-dns/4.1.53.Final/netty-resolver-dns-4.1.53.Final.jar:/Users/rhedgpeth/.m2/repository/io/netty/netty-codec-dns/4.1.53.Final/netty-codec-dns-4.1.53.Final.jar:/Users/rhedgpeth/.m2/repository/io/netty/netty-transport-native-epoll/4.1.53.Final/netty-transport-native-epoll-4.1.53.Final-linux-x86_64.jar:/Users/rhedgpeth/.m2/repository/io/netty/netty-transport-native-unix-common/4.1.53.Final/netty-transport-native-unix-common-4.1.53.Final.jar:/Users/rhedgpeth/.m2/repository/io/projectreactor/netty/reactor-netty-http/1.0.1/reactor-netty-http-1.0.1.jar:/Users/rhedgpeth/.m2/repository/io/netty/netty-codec-http/4.1.53.Final/netty-codec-http-4.1.53.Final.jar:/Users/rhedgpeth/.m2/repository/io/netty/netty-codec-http2/4.1.53.Final/netty-codec-http2-4.1.53.Final.jar:/Users/rhedgpeth/.m2/repository/io/projectreactor/netty/reactor-netty-http-brave/1.0.1/reactor-netty-http-brave-1.0.1.jar:/Users/rhedgpeth/.m2/repository/io/zipkin/brave/brave-instrumentation-http/5.13.1/brave-instrumentation-http-5.13.1.jar:/Users/rhedgpeth/.m2/repository/io/zipkin/brave/brave/5.13.1/brave-5.13.1.jar:/Users/rhedgpeth/.m2/repository/io/zipkin/reporter2/zipkin-reporter-brave/2.16.0/zipkin-reporter-brave-2.16.0.jar:/Users/rhedgpeth/.m2/repository/io/zipkin/reporter2/zipkin-reporter/2.16.0/zipkin-reporter-2.16.0.jar:/Users/rhedgpeth/.m2/repository/io/zipkin/zipkin2/zipkin/2.22.2/zipkin-2.22.2.jar:/Users/rhedgpeth/.m2/repository/junit/junit/4.11/junit-4.11.jar:/Users/rhedgpeth/.m2/repository/org/hamcrest/hamcrest-core/1.3/hamcrest-core-1.3.jar:"/>
    <property name="sun.cpu.endian" value="little"/>
    <property name="user.home" value="/Users/rhedgpeth"/>
    <property name="user.language" value="en"/>
    <property name="java.specification.vendor" value="Oracle Corporation"/>
    <property name="java.version.date" value="2020-01-14"/>
    <property name="java.home" value="/usr/local/Cellar/openjdk/13.0.2+8_2/libexec/openjdk.jdk/Contents/Home"/>
    <property name="file.separator" value="/"/>
    <property name="basedir" value="/Users/rhedgpeth/Desktop/R2DBC Book/ch11/samples/r2dbc-demo"/>
    <property name="java.vm.compressedOopsMode" value="Zero based"/>
    <property name="line.separator" value="&#10;"/>
    <property name="java.specification.name" value="Java Platform API Specification"/>
    <property name="java.vm.specification.vendor" value="Oracle Corporation"/>
    <property name="surefire.real.class.path" value="/Users/rhedgpeth/Desktop/R2DBC Book/ch11/samples/r2dbc-demo/target/surefire/surefirebooter16593116443206207711.jar"/>
    <property name="sun.management.compiler" value="HotSpot 64-Bit Tiered Compilers"/>
    <property name="ftp.nonProxyHosts" value="local|*.local|169.254/16|*.169.254/16"/>
    <property name="java.runtime.version" value="13.0.2+8"/>
    <property name="user.name" value="rhedgpeth"/>
    <property name="path.separator" value=":"/>
    <property name="os.version" value="10.14.6"/>
    <property name="java.runtime.name" value="OpenJDK Runtime Environment"/>
    <property name="file.encoding" value="UTF-8"/>
    <property name="java.vm.name" value="OpenJDK 64-Bit Server VM"/>
    <property name="localRepository" value="/Users/rhedgpeth/.m2/repository"/>
    <property name="java.vendor.url.bug" value="https://bugreport.java.com/bugreport/"/>
    <property name="java.io.tmpdir" value="/var/folders/w4/z2fhfv8s3jg5cd3g1sg_nmbm0000gn/T/"/>
    <property name="java.version" value="13.0.2"/>
    <property name="user.dir" value="/Users/rhedgpeth/Desktop/R2DBC Book/ch11/samples/r2dbc-demo"/>
    <property name="os.arch" value="x86_64"/>
    <property name="java.vm.specification.name" value="Java Virtual Machine Specification"/>
    <property name="java.library.path" value="/Users/rhedgpeth/Library/Java/Extensions:/Library/Java/Extensions:/Network/Library/Java/Extensions:/System/Library/Java/Extensions:/usr/lib/java:."/>
    <property name="java.vm.info" value="mixed mode, sharing"/>
    <property name="java.vendor" value="N/A"/>
    <property name="java.vm.version" value="13.0.2+8"/>
    <property name="sun.io.unicode.encoding" value="UnicodeBig"/>
    <property name="socksNonProxyHosts" value="local|*.local|169.254/16|*.169.254/16"/>
    <property name="java.class.version" value="57.0"/>
  </properties>
  <testcase name="shouldAnswerWithTrue" classname="com.example.AppTest" time="0.002"/>
</testsuite>